{"C:\\Users\\HP\\Desktop\\NODE JS\\rentalsapiproject\\index.js": {"path":"C:\\Users\\HP\\Desktop\\NODE JS\\rentalsapiproject\\index.js","statementMap":{"0":{"start":{"line":19,"column":14},"end":{"line":19,"column":32}},"1":{"start":{"line":20,"column":14},"end":{"line":20,"column":32}},"2":{"start":{"line":21,"column":10},"end":{"line":21,"column":19}},"3":{"start":{"line":23,"column":0},"end":{"line":23,"column":31}},"4":{"start":{"line":24,"column":0},"end":{"line":24,"column":33}},"5":{"start":{"line":25,"column":0},"end":{"line":25,"column":26}},"6":{"start":{"line":26,"column":0},"end":{"line":26,"column":30}},"7":{"start":{"line":27,"column":0},"end":{"line":27,"column":34}},"8":{"start":{"line":30,"column":11},"end":{"line":30,"column":33}},"9":{"start":{"line":31,"column":13},"end":{"line":31,"column":81}},"10":{"start":{"line":31,"column":35},"end":{"line":31,"column":80}},"11":{"start":{"line":33,"column":0},"end":{"line":33,"column":22}}},"fnMap":{"0":{"name":"(anonymous_0)","decl":{"start":{"line":31,"column":29},"end":{"line":31,"column":30}},"loc":{"start":{"line":31,"column":35},"end":{"line":31,"column":80}},"line":31}},"branchMap":{"0":{"loc":{"start":{"line":30,"column":11},"end":{"line":30,"column":33}},"type":"binary-expr","locations":[{"start":{"line":30,"column":11},"end":{"line":30,"column":27}},{"start":{"line":30,"column":29},"end":{"line":30,"column":33}}],"line":30}},"s":{"0":2,"1":2,"2":2,"3":2,"4":2,"5":2,"6":2,"7":2,"8":2,"9":2,"10":2,"11":2},"f":{"0":2},"b":{"0":[2,2]},"_coverageSchema":"332fd63041d2c1bcb487cc26dd0d5f7d97098a6c","hash":"9f664a4588f031a3edad0a1133765e6ca26de0c5"}
,"C:\\Users\\HP\\Desktop\\NODE JS\\rentalsapiproject\\middleware\\admin.js": {"path":"C:\\Users\\HP\\Desktop\\NODE JS\\rentalsapiproject\\middleware\\admin.js","statementMap":{"0":{"start":{"line":1,"column":0},"end":{"line":4,"column":1}},"1":{"start":{"line":2,"column":4},"end":{"line":2,"column":71}},"2":{"start":{"line":2,"column":26},"end":{"line":2,"column":71}},"3":{"start":{"line":3,"column":4},"end":{"line":3,"column":11}}},"fnMap":{"0":{"name":"(anonymous_0)","decl":{"start":{"line":1,"column":15},"end":{"line":1,"column":16}},"loc":{"start":{"line":1,"column":37},"end":{"line":4,"column":1}},"line":1}},"branchMap":{"0":{"loc":{"start":{"line":2,"column":4},"end":{"line":2,"column":71}},"type":"if","locations":[{"start":{"line":2,"column":4},"end":{"line":2,"column":71}},{"start":{"line":2,"column":4},"end":{"line":2,"column":71}}],"line":2}},"s":{"0":2,"1":0,"2":0,"3":0},"f":{"0":0},"b":{"0":[0,0]},"_coverageSchema":"332fd63041d2c1bcb487cc26dd0d5f7d97098a6c","hash":"5f936bf65cd3c965acda026006938e0ed9518d17"}
,"C:\\Users\\HP\\Desktop\\NODE JS\\rentalsapiproject\\middleware\\async.js": {"path":"C:\\Users\\HP\\Desktop\\NODE JS\\rentalsapiproject\\middleware\\async.js","statementMap":{"0":{"start":{"line":1,"column":0},"end":{"line":10,"column":3}},"1":{"start":{"line":2,"column":4},"end":{"line":9,"column":6}},"2":{"start":{"line":3,"column":6},"end":{"line":8,"column":7}},"3":{"start":{"line":4,"column":8},"end":{"line":4,"column":31}},"4":{"start":{"line":7,"column":8},"end":{"line":7,"column":17}}},"fnMap":{"0":{"name":"(anonymous_0)","decl":{"start":{"line":1,"column":15},"end":{"line":1,"column":16}},"loc":{"start":{"line":1,"column":33},"end":{"line":10,"column":3}},"line":1},"1":{"name":"(anonymous_1)","decl":{"start":{"line":2,"column":11},"end":{"line":2,"column":12}},"loc":{"start":{"line":2,"column":33},"end":{"line":9,"column":5}},"line":2}},"branchMap":{},"s":{"0":2,"1":0,"2":0,"3":0,"4":0},"f":{"0":0,"1":0},"b":{},"_coverageSchema":"332fd63041d2c1bcb487cc26dd0d5f7d97098a6c","hash":"13c1be5e0832a456c12637e0c776252ee8c1be29"}
,"C:\\Users\\HP\\Desktop\\NODE JS\\rentalsapiproject\\middleware\\auth.js": {"path":"C:\\Users\\HP\\Desktop\\NODE JS\\rentalsapiproject\\middleware\\auth.js","statementMap":{"0":{"start":{"line":1,"column":12},"end":{"line":1,"column":35}},"1":{"start":{"line":2,"column":15},"end":{"line":2,"column":32}},"2":{"start":{"line":4,"column":0},"end":{"line":16,"column":1}},"3":{"start":{"line":5,"column":16},"end":{"line":5,"column":42}},"4":{"start":{"line":6,"column":2},"end":{"line":6,"column":79}},"5":{"start":{"line":6,"column":14},"end":{"line":6,"column":79}},"6":{"start":{"line":8,"column":2},"end":{"line":15,"column":3}},"7":{"start":{"line":9,"column":20},"end":{"line":9,"column":66}},"8":{"start":{"line":10,"column":4},"end":{"line":10,"column":23}},"9":{"start":{"line":11,"column":4},"end":{"line":11,"column":11}},"10":{"start":{"line":14,"column":4},"end":{"line":14,"column":43}}},"fnMap":{"0":{"name":"(anonymous_0)","decl":{"start":{"line":4,"column":17},"end":{"line":4,"column":18}},"loc":{"start":{"line":4,"column":43},"end":{"line":16,"column":1}},"line":4}},"branchMap":{"0":{"loc":{"start":{"line":6,"column":2},"end":{"line":6,"column":79}},"type":"if","locations":[{"start":{"line":6,"column":2},"end":{"line":6,"column":79}},{"start":{"line":6,"column":2},"end":{"line":6,"column":79}}],"line":6}},"s":{"0":3,"1":3,"2":3,"3":9,"4":9,"5":2,"6":7,"7":7,"8":6,"9":6,"10":1},"f":{"0":9},"b":{"0":[2,7]},"_coverageSchema":"332fd63041d2c1bcb487cc26dd0d5f7d97098a6c","hash":"702f7da9987dc7b40d9b0279db621e02c3d2afe1"}
,"C:\\Users\\HP\\Desktop\\NODE JS\\rentalsapiproject\\middleware\\error.js": {"path":"C:\\Users\\HP\\Desktop\\NODE JS\\rentalsapiproject\\middleware\\error.js","statementMap":{"0":{"start":{"line":1,"column":14},"end":{"line":1,"column":32}},"1":{"start":{"line":3,"column":0},"end":{"line":14,"column":3}},"2":{"start":{"line":4,"column":4},"end":{"line":4,"column":35}},"3":{"start":{"line":13,"column":4},"end":{"line":13,"column":46}}},"fnMap":{"0":{"name":"(anonymous_0)","decl":{"start":{"line":3,"column":15},"end":{"line":3,"column":16}},"loc":{"start":{"line":3,"column":41},"end":{"line":14,"column":3}},"line":3}},"branchMap":{},"s":{"0":2,"1":2,"2":0,"3":0},"f":{"0":0},"b":{},"_coverageSchema":"332fd63041d2c1bcb487cc26dd0d5f7d97098a6c","hash":"4f1181fec9191056afbf87b57ad529123d49d3a4"}
,"C:\\Users\\HP\\Desktop\\NODE JS\\rentalsapiproject\\middleware\\validateObjectId.js": {"path":"C:\\Users\\HP\\Desktop\\NODE JS\\rentalsapiproject\\middleware\\validateObjectId.js","statementMap":{"0":{"start":{"line":1,"column":15},"end":{"line":1,"column":34}},"1":{"start":{"line":3,"column":0},"end":{"line":8,"column":1}},"2":{"start":{"line":4,"column":4},"end":{"line":5,"column":48}},"3":{"start":{"line":5,"column":6},"end":{"line":5,"column":48}},"4":{"start":{"line":7,"column":4},"end":{"line":7,"column":11}}},"fnMap":{"0":{"name":"(anonymous_0)","decl":{"start":{"line":3,"column":15},"end":{"line":3,"column":16}},"loc":{"start":{"line":3,"column":37},"end":{"line":8,"column":1}},"line":3}},"branchMap":{"0":{"loc":{"start":{"line":4,"column":4},"end":{"line":5,"column":48}},"type":"if","locations":[{"start":{"line":4,"column":4},"end":{"line":5,"column":48}},{"start":{"line":4,"column":4},"end":{"line":5,"column":48}}],"line":4}},"s":{"0":2,"1":2,"2":3,"3":2,"4":1},"f":{"0":3},"b":{"0":[2,1]},"_coverageSchema":"332fd63041d2c1bcb487cc26dd0d5f7d97098a6c","hash":"5febfea61be50ea12c21bb1ceeb3d58d5908f4a4"}
,"C:\\Users\\HP\\Desktop\\NODE JS\\rentalsapiproject\\models\\customermodel.js": {"path":"C:\\Users\\HP\\Desktop\\NODE JS\\rentalsapiproject\\models\\customermodel.js","statementMap":{"0":{"start":{"line":1,"column":12},"end":{"line":1,"column":26}},"1":{"start":{"line":2,"column":17},"end":{"line":2,"column":36}},"2":{"start":{"line":4,"column":17},"end":{"line":21,"column":3}},"3":{"start":{"line":24,"column":17},"end":{"line":28,"column":3}},"4":{"start":{"line":30,"column":2},"end":{"line":30,"column":40}},"5":{"start":{"line":33,"column":0},"end":{"line":33,"column":28}},"6":{"start":{"line":34,"column":0},"end":{"line":34,"column":36}}},"fnMap":{"0":{"name":"validateCustomer","decl":{"start":{"line":23,"column":9},"end":{"line":23,"column":25}},"loc":{"start":{"line":23,"column":36},"end":{"line":31,"column":1}},"line":23}},"branchMap":{},"s":{"0":2,"1":2,"2":2,"3":0,"4":0,"5":2,"6":2},"f":{"0":0},"b":{},"_coverageSchema":"332fd63041d2c1bcb487cc26dd0d5f7d97098a6c","hash":"69ac4b9557e4b72d31074f7f392b699bac05e9dc"}
,"C:\\Users\\HP\\Desktop\\NODE JS\\rentalsapiproject\\models\\genremodel.js": {"path":"C:\\Users\\HP\\Desktop\\NODE JS\\rentalsapiproject\\models\\genremodel.js","statementMap":{"0":{"start":{"line":1,"column":12},"end":{"line":1,"column":26}},"1":{"start":{"line":2,"column":17},"end":{"line":2,"column":36}},"2":{"start":{"line":4,"column":20},"end":{"line":11,"column":2}},"3":{"start":{"line":13,"column":14},"end":{"line":13,"column":50}},"4":{"start":{"line":16,"column":17},"end":{"line":18,"column":3}},"5":{"start":{"line":20,"column":2},"end":{"line":20,"column":37}},"6":{"start":{"line":23,"column":0},"end":{"line":23,"column":34}},"7":{"start":{"line":24,"column":0},"end":{"line":24,"column":22}},"8":{"start":{"line":25,"column":0},"end":{"line":25,"column":33}}},"fnMap":{"0":{"name":"validateGenre","decl":{"start":{"line":15,"column":9},"end":{"line":15,"column":22}},"loc":{"start":{"line":15,"column":30},"end":{"line":21,"column":1}},"line":15}},"branchMap":{},"s":{"0":2,"1":2,"2":2,"3":2,"4":5,"5":5,"6":2,"7":2,"8":2},"f":{"0":5},"b":{},"_coverageSchema":"332fd63041d2c1bcb487cc26dd0d5f7d97098a6c","hash":"7a1f45b81be6a369f1cffcb1225d6347ffe92087"}
,"C:\\Users\\HP\\Desktop\\NODE JS\\rentalsapiproject\\models\\moviemodel.js": {"path":"C:\\Users\\HP\\Desktop\\NODE JS\\rentalsapiproject\\models\\moviemodel.js","statementMap":{"0":{"start":{"line":1,"column":12},"end":{"line":1,"column":26}},"1":{"start":{"line":2,"column":17},"end":{"line":2,"column":36}},"2":{"start":{"line":3,"column":22},"end":{"line":3,"column":45}},"3":{"start":{"line":5,"column":14},"end":{"line":29,"column":3}},"4":{"start":{"line":32,"column":17},"end":{"line":37,"column":3}},"5":{"start":{"line":39,"column":2},"end":{"line":39,"column":37}},"6":{"start":{"line":42,"column":0},"end":{"line":42,"column":22}},"7":{"start":{"line":43,"column":0},"end":{"line":43,"column":33}}},"fnMap":{"0":{"name":"validateMovie","decl":{"start":{"line":31,"column":9},"end":{"line":31,"column":22}},"loc":{"start":{"line":31,"column":30},"end":{"line":40,"column":1}},"line":31}},"branchMap":{},"s":{"0":2,"1":2,"2":2,"3":2,"4":0,"5":0,"6":2,"7":2},"f":{"0":0},"b":{},"_coverageSchema":"332fd63041d2c1bcb487cc26dd0d5f7d97098a6c","hash":"47d8f3c693f1f370938b70934a040ca452e1bc7c"}
,"C:\\Users\\HP\\Desktop\\NODE JS\\rentalsapiproject\\models\\rentalmodel.js": {"path":"C:\\Users\\HP\\Desktop\\NODE JS\\rentalsapiproject\\models\\rentalmodel.js","statementMap":{"0":{"start":{"line":1,"column":10},"end":{"line":1,"column":24}},"1":{"start":{"line":2,"column":15},"end":{"line":2,"column":34}},"2":{"start":{"line":4,"column":13},"end":{"line":56,"column":3}},"3":{"start":{"line":59,"column":17},"end":{"line":62,"column":5}},"4":{"start":{"line":64,"column":4},"end":{"line":64,"column":39}},"5":{"start":{"line":67,"column":0},"end":{"line":67,"column":24}},"6":{"start":{"line":68,"column":0},"end":{"line":68,"column":34}}},"fnMap":{"0":{"name":"validateRental","decl":{"start":{"line":58,"column":9},"end":{"line":58,"column":23}},"loc":{"start":{"line":58,"column":31},"end":{"line":65,"column":1}},"line":58}},"branchMap":{},"s":{"0":2,"1":2,"2":2,"3":0,"4":0,"5":2,"6":2},"f":{"0":0},"b":{},"_coverageSchema":"332fd63041d2c1bcb487cc26dd0d5f7d97098a6c","hash":"9f5129d2dd7b62089344ea66146e6cddc9a248dc"}
,"C:\\Users\\HP\\Desktop\\NODE JS\\rentalsapiproject\\models\\usermodel.js": {"path":"C:\\Users\\HP\\Desktop\\NODE JS\\rentalsapiproject\\models\\usermodel.js","statementMap":{"0":{"start":{"line":1,"column":10},"end":{"line":1,"column":33}},"1":{"start":{"line":2,"column":13},"end":{"line":2,"column":30}},"2":{"start":{"line":3,"column":12},"end":{"line":3,"column":26}},"3":{"start":{"line":4,"column":21},"end":{"line":4,"column":40}},"4":{"start":{"line":5,"column":17},"end":{"line":5,"column":36}},"5":{"start":{"line":7,"column":17},"end":{"line":30,"column":2}},"6":{"start":{"line":32,"column":0},"end":{"line":35,"column":1}},"7":{"start":{"line":33,"column":14},"end":{"line":33,"column":87}},"8":{"start":{"line":34,"column":2},"end":{"line":34,"column":15}},"9":{"start":{"line":37,"column":13},"end":{"line":37,"column":46}},"10":{"start":{"line":40,"column":17},"end":{"line":44,"column":3}},"11":{"start":{"line":46,"column":2},"end":{"line":46,"column":36}},"12":{"start":{"line":49,"column":0},"end":{"line":49,"column":20}},"13":{"start":{"line":50,"column":0},"end":{"line":50,"column":32}}},"fnMap":{"0":{"name":"(anonymous_0)","decl":{"start":{"line":32,"column":37},"end":{"line":32,"column":38}},"loc":{"start":{"line":32,"column":47},"end":{"line":35,"column":1}},"line":32},"1":{"name":"validateUser","decl":{"start":{"line":39,"column":9},"end":{"line":39,"column":21}},"loc":{"start":{"line":39,"column":28},"end":{"line":47,"column":1}},"line":39}},"branchMap":{},"s":{"0":4,"1":4,"2":4,"3":4,"4":4,"5":4,"6":4,"7":10,"8":10,"9":4,"10":0,"11":0,"12":4,"13":4},"f":{"0":10,"1":0},"b":{},"_coverageSchema":"332fd63041d2c1bcb487cc26dd0d5f7d97098a6c","hash":"eef928959fd51967300c5747a6ac06090ae4249a"}
,"C:\\Users\\HP\\Desktop\\NODE JS\\rentalsapiproject\\routes\\auth.js": {"path":"C:\\Users\\HP\\Desktop\\NODE JS\\rentalsapiproject\\routes\\auth.js","statementMap":{"0":{"start":{"line":1,"column":10},"end":{"line":1,"column":33}},"1":{"start":{"line":2,"column":13},"end":{"line":2,"column":30}},"2":{"start":{"line":3,"column":10},"end":{"line":3,"column":24}},"3":{"start":{"line":4,"column":8},"end":{"line":4,"column":25}},"4":{"start":{"line":5,"column":13},"end":{"line":5,"column":43}},"5":{"start":{"line":6,"column":15},"end":{"line":6,"column":34}},"6":{"start":{"line":7,"column":13},"end":{"line":7,"column":30}},"7":{"start":{"line":8,"column":14},"end":{"line":8,"column":32}},"8":{"start":{"line":9,"column":13},"end":{"line":9,"column":29}},"9":{"start":{"line":11,"column":0},"end":{"line":28,"column":3}},"10":{"start":{"line":12,"column":20},"end":{"line":12,"column":38}},"11":{"start":{"line":13,"column":4},"end":{"line":13,"column":68}},"12":{"start":{"line":13,"column":14},"end":{"line":13,"column":68}},"13":{"start":{"line":15,"column":13},"end":{"line":17,"column":6}},"14":{"start":{"line":19,"column":4},"end":{"line":19,"column":71}},"15":{"start":{"line":19,"column":14},"end":{"line":19,"column":71}},"16":{"start":{"line":21,"column":24},"end":{"line":21,"column":77}},"17":{"start":{"line":22,"column":4},"end":{"line":22,"column":81}},"18":{"start":{"line":22,"column":24},"end":{"line":22,"column":81}},"19":{"start":{"line":24,"column":16},"end":{"line":24,"column":40}},"20":{"start":{"line":26,"column":4},"end":{"line":26,"column":20}},"21":{"start":{"line":31,"column":19},"end":{"line":34,"column":5}},"22":{"start":{"line":36,"column":4},"end":{"line":36,"column":37}},"23":{"start":{"line":39,"column":0},"end":{"line":39,"column":22}}},"fnMap":{"0":{"name":"(anonymous_0)","decl":{"start":{"line":11,"column":16},"end":{"line":11,"column":17}},"loc":{"start":{"line":11,"column":32},"end":{"line":28,"column":1}},"line":11},"1":{"name":"validate","decl":{"start":{"line":30,"column":9},"end":{"line":30,"column":17}},"loc":{"start":{"line":30,"column":23},"end":{"line":37,"column":3}},"line":30}},"branchMap":{"0":{"loc":{"start":{"line":13,"column":4},"end":{"line":13,"column":68}},"type":"if","locations":[{"start":{"line":13,"column":4},"end":{"line":13,"column":68}},{"start":{"line":13,"column":4},"end":{"line":13,"column":68}}],"line":13},"1":{"loc":{"start":{"line":19,"column":4},"end":{"line":19,"column":71}},"type":"if","locations":[{"start":{"line":19,"column":4},"end":{"line":19,"column":71}},{"start":{"line":19,"column":4},"end":{"line":19,"column":71}}],"line":19},"2":{"loc":{"start":{"line":22,"column":4},"end":{"line":22,"column":81}},"type":"if","locations":[{"start":{"line":22,"column":4},"end":{"line":22,"column":81}},{"start":{"line":22,"column":4},"end":{"line":22,"column":81}}],"line":22}},"s":{"0":2,"1":2,"2":2,"3":2,"4":2,"5":2,"6":2,"7":2,"8":2,"9":2,"10":0,"11":0,"12":0,"13":0,"14":0,"15":0,"16":0,"17":0,"18":0,"19":0,"20":0,"21":0,"22":0,"23":2},"f":{"0":0,"1":0},"b":{"0":[0,0],"1":[0,0],"2":[0,0]},"_coverageSchema":"332fd63041d2c1bcb487cc26dd0d5f7d97098a6c","hash":"b0f24987681597eae9295f0da876555d0e452d86"}
,"C:\\Users\\HP\\Desktop\\NODE JS\\rentalsapiproject\\routes\\genres.js": {"path":"C:\\Users\\HP\\Desktop\\NODE JS\\rentalsapiproject\\routes\\genres.js","statementMap":{"0":{"start":{"line":1,"column":23},"end":{"line":1,"column":64}},"1":{"start":{"line":2,"column":22},"end":{"line":2,"column":52}},"2":{"start":{"line":3,"column":11},"end":{"line":3,"column":40}},"3":{"start":{"line":4,"column":12},"end":{"line":4,"column":42}},"4":{"start":{"line":5,"column":12},"end":{"line":5,"column":26}},"5":{"start":{"line":6,"column":16},"end":{"line":6,"column":34}},"6":{"start":{"line":7,"column":15},"end":{"line":7,"column":31}},"7":{"start":{"line":8,"column":15},"end":{"line":8,"column":34}},"8":{"start":{"line":9,"column":35},"end":{"line":9,"column":66}},"9":{"start":{"line":13,"column":0},"end":{"line":19,"column":5}},"10":{"start":{"line":15,"column":15},"end":{"line":17,"column":23}},"11":{"start":{"line":18,"column":2},"end":{"line":18,"column":19}},"12":{"start":{"line":21,"column":0},"end":{"line":31,"column":5}},"13":{"start":{"line":22,"column":22},"end":{"line":22,"column":40}},"14":{"start":{"line":23,"column":4},"end":{"line":23,"column":69}},"15":{"start":{"line":23,"column":15},"end":{"line":23,"column":69}},"16":{"start":{"line":25,"column":16},"end":{"line":27,"column":6}},"17":{"start":{"line":28,"column":4},"end":{"line":28,"column":29}},"18":{"start":{"line":30,"column":4},"end":{"line":30,"column":20}},"19":{"start":{"line":33,"column":0},"end":{"line":49,"column":5}},"20":{"start":{"line":34,"column":22},"end":{"line":34,"column":40}},"21":{"start":{"line":35,"column":4},"end":{"line":36,"column":62}},"22":{"start":{"line":36,"column":8},"end":{"line":36,"column":62}},"23":{"start":{"line":38,"column":16},"end":{"line":44,"column":10}},"24":{"start":{"line":46,"column":4},"end":{"line":47,"column":83}},"25":{"start":{"line":47,"column":9},"end":{"line":47,"column":83}},"26":{"start":{"line":48,"column":4},"end":{"line":48,"column":20}},"27":{"start":{"line":51,"column":0},"end":{"line":56,"column":5}},"28":{"start":{"line":52,"column":16},"end":{"line":52,"column":60}},"29":{"start":{"line":53,"column":4},"end":{"line":53,"column":90}},"30":{"start":{"line":53,"column":16},"end":{"line":53,"column":90}},"31":{"start":{"line":55,"column":4},"end":{"line":55,"column":20}},"32":{"start":{"line":58,"column":0},"end":{"line":63,"column":3}},"33":{"start":{"line":60,"column":15},"end":{"line":60,"column":50}},"34":{"start":{"line":61,"column":2},"end":{"line":61,"column":88}},"35":{"start":{"line":61,"column":14},"end":{"line":61,"column":88}},"36":{"start":{"line":62,"column":2},"end":{"line":62,"column":18}},"37":{"start":{"line":65,"column":0},"end":{"line":65,"column":24}}},"fnMap":{"0":{"name":"(anonymous_0)","decl":{"start":{"line":13,"column":16},"end":{"line":13,"column":17}},"loc":{"start":{"line":13,"column":36},"end":{"line":19,"column":3}},"line":13},"1":{"name":"(anonymous_1)","decl":{"start":{"line":21,"column":21},"end":{"line":21,"column":22}},"loc":{"start":{"line":21,"column":41},"end":{"line":31,"column":3}},"line":21},"2":{"name":"(anonymous_2)","decl":{"start":{"line":33,"column":19},"end":{"line":33,"column":20}},"loc":{"start":{"line":33,"column":38},"end":{"line":49,"column":3}},"line":33},"3":{"name":"(anonymous_3)","decl":{"start":{"line":51,"column":35},"end":{"line":51,"column":36}},"loc":{"start":{"line":51,"column":55},"end":{"line":56,"column":3}},"line":51},"4":{"name":"(anonymous_4)","decl":{"start":{"line":58,"column":35},"end":{"line":58,"column":36}},"loc":{"start":{"line":58,"column":55},"end":{"line":63,"column":1}},"line":58}},"branchMap":{"0":{"loc":{"start":{"line":23,"column":4},"end":{"line":23,"column":69}},"type":"if","locations":[{"start":{"line":23,"column":4},"end":{"line":23,"column":69}},{"start":{"line":23,"column":4},"end":{"line":23,"column":69}}],"line":23},"1":{"loc":{"start":{"line":35,"column":4},"end":{"line":36,"column":62}},"type":"if","locations":[{"start":{"line":35,"column":4},"end":{"line":36,"column":62}},{"start":{"line":35,"column":4},"end":{"line":36,"column":62}}],"line":35},"2":{"loc":{"start":{"line":46,"column":4},"end":{"line":47,"column":83}},"type":"if","locations":[{"start":{"line":46,"column":4},"end":{"line":47,"column":83}},{"start":{"line":46,"column":4},"end":{"line":47,"column":83}}],"line":46},"3":{"loc":{"start":{"line":53,"column":4},"end":{"line":53,"column":90}},"type":"if","locations":[{"start":{"line":53,"column":4},"end":{"line":53,"column":90}},{"start":{"line":53,"column":4},"end":{"line":53,"column":90}}],"line":53},"4":{"loc":{"start":{"line":61,"column":2},"end":{"line":61,"column":88}},"type":"if","locations":[{"start":{"line":61,"column":2},"end":{"line":61,"column":88}},{"start":{"line":61,"column":2},"end":{"line":61,"column":88}}],"line":61}},"s":{"0":2,"1":2,"2":2,"3":2,"4":2,"5":2,"6":2,"7":2,"8":2,"9":2,"10":1,"11":1,"12":2,"13":5,"14":5,"15":2,"16":3,"17":3,"18":3,"19":2,"20":0,"21":0,"22":0,"23":0,"24":0,"25":0,"26":0,"27":2,"28":0,"29":0,"30":0,"31":0,"32":2,"33":1,"34":1,"35":0,"36":1,"37":2},"f":{"0":1,"1":5,"2":0,"3":0,"4":1},"b":{"0":[2,3],"1":[0,0],"2":[0,0],"3":[0,0],"4":[0,1]},"_coverageSchema":"332fd63041d2c1bcb487cc26dd0d5f7d97098a6c","hash":"17a5cb3971411e59067379341a78793ec653279e"}
,"C:\\Users\\HP\\Desktop\\NODE JS\\rentalsapiproject\\routes\\rentals.js": {"path":"C:\\Users\\HP\\Desktop\\NODE JS\\rentalsapiproject\\routes\\rentals.js","statementMap":{"0":{"start":{"line":1,"column":15},"end":{"line":1,"column":34}},"1":{"start":{"line":2,"column":14},"end":{"line":2,"column":32}},"2":{"start":{"line":3,"column":13},"end":{"line":3,"column":29}},"3":{"start":{"line":4,"column":11},"end":{"line":4,"column":26}},"4":{"start":{"line":5,"column":24},"end":{"line":5,"column":56}},"5":{"start":{"line":6,"column":14},"end":{"line":6,"column":45}},"6":{"start":{"line":7,"column":17},"end":{"line":7,"column":51}},"7":{"start":{"line":9,"column":0},"end":{"line":9,"column":20}},"8":{"start":{"line":11,"column":0},"end":{"line":14,"column":3}},"9":{"start":{"line":12,"column":17},"end":{"line":12,"column":53}},"10":{"start":{"line":13,"column":4},"end":{"line":13,"column":21}},"11":{"start":{"line":16,"column":0},"end":{"line":57,"column":3}},"12":{"start":{"line":17,"column":19},"end":{"line":17,"column":37}},"13":{"start":{"line":18,"column":4},"end":{"line":18,"column":68}},"14":{"start":{"line":18,"column":14},"end":{"line":18,"column":68}},"15":{"start":{"line":20,"column":19},"end":{"line":20,"column":63}},"16":{"start":{"line":21,"column":4},"end":{"line":21,"column":66}},"17":{"start":{"line":21,"column":18},"end":{"line":21,"column":66}},"18":{"start":{"line":23,"column":16},"end":{"line":23,"column":54}},"19":{"start":{"line":24,"column":4},"end":{"line":24,"column":60}},"20":{"start":{"line":24,"column":15},"end":{"line":24,"column":60}},"21":{"start":{"line":26,"column":4},"end":{"line":26,"column":81}},"22":{"start":{"line":26,"column":31},"end":{"line":26,"column":81}},"23":{"start":{"line":28,"column":15},"end":{"line":40,"column":6}},"24":{"start":{"line":45,"column":4},"end":{"line":56,"column":5}},"25":{"start":{"line":46,"column":8},"end":{"line":51,"column":17}},"26":{"start":{"line":52,"column":7},"end":{"line":52,"column":24}},"27":{"start":{"line":55,"column":8},"end":{"line":55,"column":49}},"28":{"start":{"line":59,"column":0},"end":{"line":88,"column":3}},"29":{"start":{"line":60,"column":19},"end":{"line":60,"column":37}},"30":{"start":{"line":61,"column":4},"end":{"line":61,"column":68}},"31":{"start":{"line":61,"column":14},"end":{"line":61,"column":68}},"32":{"start":{"line":63,"column":19},"end":{"line":63,"column":63}},"33":{"start":{"line":64,"column":4},"end":{"line":64,"column":66}},"34":{"start":{"line":64,"column":18},"end":{"line":64,"column":66}},"35":{"start":{"line":66,"column":16},"end":{"line":66,"column":54}},"36":{"start":{"line":67,"column":4},"end":{"line":67,"column":60}},"37":{"start":{"line":67,"column":15},"end":{"line":67,"column":60}},"38":{"start":{"line":69,"column":4},"end":{"line":69,"column":81}},"39":{"start":{"line":69,"column":31},"end":{"line":69,"column":81}},"40":{"start":{"line":71,"column":16},"end":{"line":83,"column":17}},"41":{"start":{"line":85,"column":4},"end":{"line":85,"column":91}},"42":{"start":{"line":85,"column":16},"end":{"line":85,"column":91}},"43":{"start":{"line":87,"column":4},"end":{"line":87,"column":21}},"44":{"start":{"line":89,"column":0},"end":{"line":95,"column":5}},"45":{"start":{"line":90,"column":19},"end":{"line":90,"column":55}},"46":{"start":{"line":92,"column":4},"end":{"line":92,"column":92}},"47":{"start":{"line":92,"column":17},"end":{"line":92,"column":92}},"48":{"start":{"line":94,"column":4},"end":{"line":94,"column":21}},"49":{"start":{"line":97,"column":2},"end":{"line":97,"column":26}}},"fnMap":{"0":{"name":"(anonymous_0)","decl":{"start":{"line":11,"column":15},"end":{"line":11,"column":16}},"loc":{"start":{"line":11,"column":31},"end":{"line":14,"column":1}},"line":11},"1":{"name":"(anonymous_1)","decl":{"start":{"line":16,"column":16},"end":{"line":16,"column":17}},"loc":{"start":{"line":16,"column":32},"end":{"line":57,"column":1}},"line":16},"2":{"name":"(anonymous_2)","decl":{"start":{"line":59,"column":18},"end":{"line":59,"column":19}},"loc":{"start":{"line":59,"column":34},"end":{"line":88,"column":1}},"line":59},"3":{"name":"(anonymous_3)","decl":{"start":{"line":89,"column":19},"end":{"line":89,"column":20}},"loc":{"start":{"line":89,"column":39},"end":{"line":95,"column":3}},"line":89}},"branchMap":{"0":{"loc":{"start":{"line":18,"column":4},"end":{"line":18,"column":68}},"type":"if","locations":[{"start":{"line":18,"column":4},"end":{"line":18,"column":68}},{"start":{"line":18,"column":4},"end":{"line":18,"column":68}}],"line":18},"1":{"loc":{"start":{"line":21,"column":4},"end":{"line":21,"column":66}},"type":"if","locations":[{"start":{"line":21,"column":4},"end":{"line":21,"column":66}},{"start":{"line":21,"column":4},"end":{"line":21,"column":66}}],"line":21},"2":{"loc":{"start":{"line":24,"column":4},"end":{"line":24,"column":60}},"type":"if","locations":[{"start":{"line":24,"column":4},"end":{"line":24,"column":60}},{"start":{"line":24,"column":4},"end":{"line":24,"column":60}}],"line":24},"3":{"loc":{"start":{"line":26,"column":4},"end":{"line":26,"column":81}},"type":"if","locations":[{"start":{"line":26,"column":4},"end":{"line":26,"column":81}},{"start":{"line":26,"column":4},"end":{"line":26,"column":81}}],"line":26},"4":{"loc":{"start":{"line":61,"column":4},"end":{"line":61,"column":68}},"type":"if","locations":[{"start":{"line":61,"column":4},"end":{"line":61,"column":68}},{"start":{"line":61,"column":4},"end":{"line":61,"column":68}}],"line":61},"5":{"loc":{"start":{"line":64,"column":4},"end":{"line":64,"column":66}},"type":"if","locations":[{"start":{"line":64,"column":4},"end":{"line":64,"column":66}},{"start":{"line":64,"column":4},"end":{"line":64,"column":66}}],"line":64},"6":{"loc":{"start":{"line":67,"column":4},"end":{"line":67,"column":60}},"type":"if","locations":[{"start":{"line":67,"column":4},"end":{"line":67,"column":60}},{"start":{"line":67,"column":4},"end":{"line":67,"column":60}}],"line":67},"7":{"loc":{"start":{"line":69,"column":4},"end":{"line":69,"column":81}},"type":"if","locations":[{"start":{"line":69,"column":4},"end":{"line":69,"column":81}},{"start":{"line":69,"column":4},"end":{"line":69,"column":81}}],"line":69},"8":{"loc":{"start":{"line":85,"column":4},"end":{"line":85,"column":91}},"type":"if","locations":[{"start":{"line":85,"column":4},"end":{"line":85,"column":91}},{"start":{"line":85,"column":4},"end":{"line":85,"column":91}}],"line":85},"9":{"loc":{"start":{"line":92,"column":4},"end":{"line":92,"column":92}},"type":"if","locations":[{"start":{"line":92,"column":4},"end":{"line":92,"column":92}},{"start":{"line":92,"column":4},"end":{"line":92,"column":92}}],"line":92}},"s":{"0":2,"1":2,"2":2,"3":2,"4":2,"5":2,"6":2,"7":2,"8":2,"9":0,"10":0,"11":2,"12":0,"13":0,"14":0,"15":0,"16":0,"17":0,"18":0,"19":0,"20":0,"21":0,"22":0,"23":0,"24":0,"25":0,"26":0,"27":0,"28":2,"29":0,"30":0,"31":0,"32":0,"33":0,"34":0,"35":0,"36":0,"37":0,"38":0,"39":0,"40":0,"41":0,"42":0,"43":0,"44":2,"45":0,"46":0,"47":0,"48":0,"49":2},"f":{"0":0,"1":0,"2":0,"3":0},"b":{"0":[0,0],"1":[0,0],"2":[0,0],"3":[0,0],"4":[0,0],"5":[0,0],"6":[0,0],"7":[0,0],"8":[0,0],"9":[0,0]},"_coverageSchema":"332fd63041d2c1bcb487cc26dd0d5f7d97098a6c","hash":"73bd9a5c3a45c037e1f4ad2a58eede81639f23d7"}
,"C:\\Users\\HP\\Desktop\\NODE JS\\rentalsapiproject\\routes\\users.js": {"path":"C:\\Users\\HP\\Desktop\\NODE JS\\rentalsapiproject\\routes\\users.js","statementMap":{"0":{"start":{"line":1,"column":11},"end":{"line":1,"column":40}},"1":{"start":{"line":2,"column":10},"end":{"line":2,"column":33}},"2":{"start":{"line":3,"column":13},"end":{"line":3,"column":30}},"3":{"start":{"line":4,"column":8},"end":{"line":4,"column":25}},"4":{"start":{"line":5,"column":22},"end":{"line":5,"column":52}},"5":{"start":{"line":6,"column":15},"end":{"line":6,"column":34}},"6":{"start":{"line":7,"column":13},"end":{"line":7,"column":30}},"7":{"start":{"line":8,"column":14},"end":{"line":8,"column":32}},"8":{"start":{"line":9,"column":13},"end":{"line":9,"column":29}},"9":{"start":{"line":12,"column":0},"end":{"line":15,"column":3}},"10":{"start":{"line":13,"column":15},"end":{"line":13,"column":68}},"11":{"start":{"line":14,"column":4},"end":{"line":14,"column":19}},"12":{"start":{"line":17,"column":0},"end":{"line":41,"column":3}},"13":{"start":{"line":18,"column":20},"end":{"line":18,"column":38}},"14":{"start":{"line":19,"column":4},"end":{"line":19,"column":68}},"15":{"start":{"line":19,"column":14},"end":{"line":19,"column":68}},"16":{"start":{"line":21,"column":13},"end":{"line":21,"column":55}},"17":{"start":{"line":22,"column":4},"end":{"line":22,"column":68}},"18":{"start":{"line":22,"column":13},"end":{"line":22,"column":68}},"19":{"start":{"line":30,"column":4},"end":{"line":30,"column":64}},"20":{"start":{"line":32,"column":15},"end":{"line":32,"column":39}},"21":{"start":{"line":33,"column":4},"end":{"line":33,"column":56}},"22":{"start":{"line":35,"column":4},"end":{"line":35,"column":22}},"23":{"start":{"line":39,"column":16},"end":{"line":39,"column":40}},"24":{"start":{"line":40,"column":4},"end":{"line":40,"column":80}},"25":{"start":{"line":43,"column":0},"end":{"line":43,"column":22}}},"fnMap":{"0":{"name":"(anonymous_0)","decl":{"start":{"line":12,"column":23},"end":{"line":12,"column":24}},"loc":{"start":{"line":12,"column":39},"end":{"line":15,"column":1}},"line":12},"1":{"name":"(anonymous_1)","decl":{"start":{"line":17,"column":16},"end":{"line":17,"column":17}},"loc":{"start":{"line":17,"column":32},"end":{"line":41,"column":1}},"line":17}},"branchMap":{"0":{"loc":{"start":{"line":19,"column":4},"end":{"line":19,"column":68}},"type":"if","locations":[{"start":{"line":19,"column":4},"end":{"line":19,"column":68}},{"start":{"line":19,"column":4},"end":{"line":19,"column":68}}],"line":19},"1":{"loc":{"start":{"line":22,"column":4},"end":{"line":22,"column":68}},"type":"if","locations":[{"start":{"line":22,"column":4},"end":{"line":22,"column":68}},{"start":{"line":22,"column":4},"end":{"line":22,"column":68}}],"line":22}},"s":{"0":2,"1":2,"2":2,"3":2,"4":2,"5":2,"6":2,"7":2,"8":2,"9":2,"10":0,"11":0,"12":2,"13":0,"14":0,"15":0,"16":0,"17":0,"18":0,"19":0,"20":0,"21":0,"22":0,"23":0,"24":0,"25":2},"f":{"0":0,"1":0},"b":{"0":[0,0],"1":[0,0]},"_coverageSchema":"332fd63041d2c1bcb487cc26dd0d5f7d97098a6c","hash":"1d6d047d96c63f3b2504cff91d8b2649cb1ded75"}
,"C:\\Users\\HP\\Desktop\\NODE JS\\rentalsapiproject\\startup\\config.js": {"path":"C:\\Users\\HP\\Desktop\\NODE JS\\rentalsapiproject\\startup\\config.js","statementMap":{"0":{"start":{"line":1,"column":13},"end":{"line":1,"column":30}},"1":{"start":{"line":3,"column":0},"end":{"line":7,"column":1}},"2":{"start":{"line":4,"column":4},"end":{"line":6,"column":5}},"3":{"start":{"line":5,"column":8},"end":{"line":5,"column":53}}},"fnMap":{"0":{"name":"(anonymous_0)","decl":{"start":{"line":3,"column":15},"end":{"line":3,"column":16}},"loc":{"start":{"line":3,"column":25},"end":{"line":7,"column":1}},"line":3}},"branchMap":{"0":{"loc":{"start":{"line":4,"column":4},"end":{"line":6,"column":5}},"type":"if","locations":[{"start":{"line":4,"column":4},"end":{"line":6,"column":5}},{"start":{"line":4,"column":4},"end":{"line":6,"column":5}}],"line":4}},"s":{"0":2,"1":2,"2":2,"3":0},"f":{"0":2},"b":{"0":[0,2]},"_coverageSchema":"332fd63041d2c1bcb487cc26dd0d5f7d97098a6c","hash":"5be72ab1206599cd8528ba5fc49a74a52544c871"}
,"C:\\Users\\HP\\Desktop\\NODE JS\\rentalsapiproject\\startup\\db.js": {"path":"C:\\Users\\HP\\Desktop\\NODE JS\\rentalsapiproject\\startup\\db.js","statementMap":{"0":{"start":{"line":1,"column":14},"end":{"line":1,"column":32}},"1":{"start":{"line":2,"column":15},"end":{"line":2,"column":34}},"2":{"start":{"line":3,"column":13},"end":{"line":3,"column":30}},"3":{"start":{"line":5,"column":0},"end":{"line":9,"column":1}},"4":{"start":{"line":6,"column":13},"end":{"line":6,"column":29}},"5":{"start":{"line":7,"column":4},"end":{"line":8,"column":59}},"6":{"start":{"line":8,"column":19},"end":{"line":8,"column":57}}},"fnMap":{"0":{"name":"(anonymous_0)","decl":{"start":{"line":5,"column":15},"end":{"line":5,"column":16}},"loc":{"start":{"line":5,"column":25},"end":{"line":9,"column":1}},"line":5},"1":{"name":"(anonymous_1)","decl":{"start":{"line":8,"column":14},"end":{"line":8,"column":15}},"loc":{"start":{"line":8,"column":19},"end":{"line":8,"column":57}},"line":8}},"branchMap":{},"s":{"0":2,"1":2,"2":2,"3":2,"4":2,"5":2,"6":2},"f":{"0":2,"1":2},"b":{},"_coverageSchema":"332fd63041d2c1bcb487cc26dd0d5f7d97098a6c","hash":"23882a543d2b083aa868b31f23a20b5a99426afd"}
,"C:\\Users\\HP\\Desktop\\NODE JS\\rentalsapiproject\\startup\\logging.js": {"path":"C:\\Users\\HP\\Desktop\\NODE JS\\rentalsapiproject\\startup\\logging.js","statementMap":{"0":{"start":{"line":1,"column":14},"end":{"line":1,"column":32}},"1":{"start":{"line":3,"column":0},"end":{"line":3,"column":32}},"2":{"start":{"line":5,"column":0},"end":{"line":26,"column":1}},"3":{"start":{"line":10,"column":4},"end":{"line":12,"column":74}},"4":{"start":{"line":14,"column":6},"end":{"line":18,"column":9}},"5":{"start":{"line":17,"column":10},"end":{"line":17,"column":19}},"6":{"start":{"line":20,"column":6},"end":{"line":20,"column":68}}},"fnMap":{"0":{"name":"(anonymous_0)","decl":{"start":{"line":5,"column":15},"end":{"line":5,"column":16}},"loc":{"start":{"line":5,"column":25},"end":{"line":26,"column":1}},"line":5},"1":{"name":"(anonymous_1)","decl":{"start":{"line":14,"column":38},"end":{"line":14,"column":39}},"loc":{"start":{"line":14,"column":44},"end":{"line":18,"column":7}},"line":14}},"branchMap":{},"s":{"0":2,"1":2,"2":2,"3":2,"4":2,"5":0,"6":2},"f":{"0":2,"1":0},"b":{},"_coverageSchema":"332fd63041d2c1bcb487cc26dd0d5f7d97098a6c","hash":"c87ee01576b8d4221f1681b29b25b3bb126b8dbd"}
,"C:\\Users\\HP\\Desktop\\NODE JS\\rentalsapiproject\\startup\\routes.js": {"path":"C:\\Users\\HP\\Desktop\\NODE JS\\rentalsapiproject\\startup\\routes.js","statementMap":{"0":{"start":{"line":1,"column":14},"end":{"line":1,"column":32}},"1":{"start":{"line":2,"column":12},"end":{"line":2,"column":42}},"2":{"start":{"line":3,"column":14},"end":{"line":3,"column":42}},"3":{"start":{"line":4,"column":11},"end":{"line":4,"column":36}},"4":{"start":{"line":5,"column":12},"end":{"line":5,"column":38}},"5":{"start":{"line":6,"column":13},"end":{"line":6,"column":40}},"6":{"start":{"line":8,"column":0},"end":{"line":15,"column":1}},"7":{"start":{"line":9,"column":4},"end":{"line":9,"column":28}},"8":{"start":{"line":10,"column":4},"end":{"line":10,"column":36}},"9":{"start":{"line":11,"column":4},"end":{"line":11,"column":34}},"10":{"start":{"line":12,"column":4},"end":{"line":12,"column":32}},"11":{"start":{"line":13,"column":4},"end":{"line":13,"column":30}},"12":{"start":{"line":14,"column":4},"end":{"line":14,"column":19}}},"fnMap":{"0":{"name":"(anonymous_0)","decl":{"start":{"line":8,"column":15},"end":{"line":8,"column":16}},"loc":{"start":{"line":8,"column":28},"end":{"line":15,"column":1}},"line":8}},"branchMap":{},"s":{"0":2,"1":2,"2":2,"3":2,"4":2,"5":2,"6":2,"7":2,"8":2,"9":2,"10":2,"11":2,"12":2},"f":{"0":2},"b":{},"_coverageSchema":"332fd63041d2c1bcb487cc26dd0d5f7d97098a6c","hash":"f537eb28997f9e1d98bd99ac9733cdd19aa7ad0f"}
,"C:\\Users\\HP\\Desktop\\NODE JS\\rentalsapiproject\\startup\\validation.js": {"path":"C:\\Users\\HP\\Desktop\\NODE JS\\rentalsapiproject\\startup\\validation.js","statementMap":{"0":{"start":{"line":1,"column":10},"end":{"line":1,"column":24}},"1":{"start":{"line":2,"column":0},"end":{"line":4,"column":1}},"2":{"start":{"line":3,"column":4},"end":{"line":3,"column":46}}},"fnMap":{"0":{"name":"(anonymous_0)","decl":{"start":{"line":2,"column":15},"end":{"line":2,"column":16}},"loc":{"start":{"line":2,"column":25},"end":{"line":4,"column":1}},"line":2}},"branchMap":{},"s":{"0":2,"1":2,"2":2},"f":{"0":2},"b":{},"_coverageSchema":"332fd63041d2c1bcb487cc26dd0d5f7d97098a6c","hash":"3619c7532b6ab328c7a269294adc85ddd2291b67"}
}
