TN:
SF:C:\Users\HP\Desktop\NODE JS\rentalsapiproject\index.js
FN:31,(anonymous_0)
FNF:1
FNH:1
FNDA:2,(anonymous_0)
DA:19,2
DA:20,2
DA:21,2
DA:23,2
DA:24,2
DA:25,2
DA:26,2
DA:27,2
DA:30,2
DA:31,2
DA:33,2
LF:11
LH:11
BRDA:30,0,0,2
BRDA:30,0,1,2
BRF:2
BRH:2
end_of_record
TN:
SF:C:\Users\HP\Desktop\NODE JS\rentalsapiproject\middleware\admin.js
FN:1,(anonymous_0)
FNF:1
FNH:0
FNDA:0,(anonymous_0)
DA:1,2
DA:2,0
DA:3,0
LF:3
LH:1
BRDA:2,0,0,0
BRDA:2,0,1,0
BRF:2
BRH:0
end_of_record
TN:
SF:C:\Users\HP\Desktop\NODE JS\rentalsapiproject\middleware\async.js
FN:1,(anonymous_0)
FN:2,(anonymous_1)
FNF:2
FNH:0
FNDA:0,(anonymous_0)
FNDA:0,(anonymous_1)
DA:1,2
DA:2,0
DA:3,0
DA:4,0
DA:7,0
LF:5
LH:1
BRF:0
BRH:0
end_of_record
TN:
SF:C:\Users\HP\Desktop\NODE JS\rentalsapiproject\middleware\auth.js
FN:4,(anonymous_0)
FNF:1
FNH:1
FNDA:9,(anonymous_0)
DA:1,3
DA:2,3
DA:4,3
DA:5,9
DA:6,9
DA:8,7
DA:9,7
DA:10,6
DA:11,6
DA:14,1
LF:10
LH:10
BRDA:6,0,0,2
BRDA:6,0,1,7
BRF:2
BRH:2
end_of_record
TN:
SF:C:\Users\HP\Desktop\NODE JS\rentalsapiproject\middleware\error.js
FN:3,(anonymous_0)
FNF:1
FNH:0
FNDA:0,(anonymous_0)
DA:1,2
DA:3,2
DA:4,0
DA:13,0
LF:4
LH:2
BRF:0
BRH:0
end_of_record
TN:
SF:C:\Users\HP\Desktop\NODE JS\rentalsapiproject\middleware\validateObjectId.js
FN:3,(anonymous_0)
FNF:1
FNH:1
FNDA:3,(anonymous_0)
DA:1,2
DA:3,2
DA:4,3
DA:5,2
DA:7,1
LF:5
LH:5
BRDA:4,0,0,2
BRDA:4,0,1,1
BRF:2
BRH:2
end_of_record
TN:
SF:C:\Users\HP\Desktop\NODE JS\rentalsapiproject\models\customermodel.js
FN:23,validateCustomer
FNF:1
FNH:0
FNDA:0,validateCustomer
DA:1,2
DA:2,2
DA:4,2
DA:24,0
DA:30,0
DA:33,2
DA:34,2
LF:7
LH:5
BRF:0
BRH:0
end_of_record
TN:
SF:C:\Users\HP\Desktop\NODE JS\rentalsapiproject\models\genremodel.js
FN:15,validateGenre
FNF:1
FNH:1
FNDA:5,validateGenre
DA:1,2
DA:2,2
DA:4,2
DA:13,2
DA:16,5
DA:20,5
DA:23,2
DA:24,2
DA:25,2
LF:9
LH:9
BRF:0
BRH:0
end_of_record
TN:
SF:C:\Users\HP\Desktop\NODE JS\rentalsapiproject\models\moviemodel.js
FN:31,validateMovie
FNF:1
FNH:0
FNDA:0,validateMovie
DA:1,2
DA:2,2
DA:3,2
DA:5,2
DA:32,0
DA:39,0
DA:42,2
DA:43,2
LF:8
LH:6
BRF:0
BRH:0
end_of_record
TN:
SF:C:\Users\HP\Desktop\NODE JS\rentalsapiproject\models\rentalmodel.js
FN:58,validateRental
FNF:1
FNH:0
FNDA:0,validateRental
DA:1,2
DA:2,2
DA:4,2
DA:59,0
DA:64,0
DA:67,2
DA:68,2
LF:7
LH:5
BRF:0
BRH:0
end_of_record
TN:
SF:C:\Users\HP\Desktop\NODE JS\rentalsapiproject\models\usermodel.js
FN:32,(anonymous_0)
FN:39,validateUser
FNF:2
FNH:1
FNDA:10,(anonymous_0)
FNDA:0,validateUser
DA:1,4
DA:2,4
DA:3,4
DA:4,4
DA:5,4
DA:7,4
DA:32,4
DA:33,10
DA:34,10
DA:37,4
DA:40,0
DA:46,0
DA:49,4
DA:50,4
LF:14
LH:12
BRF:0
BRH:0
end_of_record
TN:
SF:C:\Users\HP\Desktop\NODE JS\rentalsapiproject\routes\auth.js
FN:11,(anonymous_0)
FN:30,validate
FNF:2
FNH:0
FNDA:0,(anonymous_0)
FNDA:0,validate
DA:1,2
DA:2,2
DA:3,2
DA:4,2
DA:5,2
DA:6,2
DA:7,2
DA:8,2
DA:9,2
DA:11,2
DA:12,0
DA:13,0
DA:15,0
DA:19,0
DA:21,0
DA:22,0
DA:24,0
DA:26,0
DA:31,0
DA:36,0
DA:39,2
LF:21
LH:11
BRDA:13,0,0,0
BRDA:13,0,1,0
BRDA:19,1,0,0
BRDA:19,1,1,0
BRDA:22,2,0,0
BRDA:22,2,1,0
BRF:6
BRH:0
end_of_record
TN:
SF:C:\Users\HP\Desktop\NODE JS\rentalsapiproject\routes\genres.js
FN:13,(anonymous_0)
FN:21,(anonymous_1)
FN:33,(anonymous_2)
FN:51,(anonymous_3)
FN:58,(anonymous_4)
FNF:5
FNH:3
FNDA:1,(anonymous_0)
FNDA:5,(anonymous_1)
FNDA:0,(anonymous_2)
FNDA:0,(anonymous_3)
FNDA:1,(anonymous_4)
DA:1,2
DA:2,2
DA:3,2
DA:4,2
DA:5,2
DA:6,2
DA:7,2
DA:8,2
DA:9,2
DA:13,2
DA:15,1
DA:18,1
DA:21,2
DA:22,5
DA:23,5
DA:25,3
DA:28,3
DA:30,3
DA:33,2
DA:34,0
DA:35,0
DA:36,0
DA:38,0
DA:46,0
DA:47,0
DA:48,0
DA:51,2
DA:52,0
DA:53,0
DA:55,0
DA:58,2
DA:60,1
DA:61,1
DA:62,1
DA:65,2
LF:35
LH:25
BRDA:23,0,0,2
BRDA:23,0,1,3
BRDA:35,1,0,0
BRDA:35,1,1,0
BRDA:46,2,0,0
BRDA:46,2,1,0
BRDA:53,3,0,0
BRDA:53,3,1,0
BRDA:61,4,0,0
BRDA:61,4,1,1
BRF:10
BRH:3
end_of_record
TN:
SF:C:\Users\HP\Desktop\NODE JS\rentalsapiproject\routes\rentals.js
FN:11,(anonymous_0)
FN:16,(anonymous_1)
FN:59,(anonymous_2)
FN:89,(anonymous_3)
FNF:4
FNH:0
FNDA:0,(anonymous_0)
FNDA:0,(anonymous_1)
FNDA:0,(anonymous_2)
FNDA:0,(anonymous_3)
DA:1,2
DA:2,2
DA:3,2
DA:4,2
DA:5,2
DA:6,2
DA:7,2
DA:9,2
DA:11,2
DA:12,0
DA:13,0
DA:16,2
DA:17,0
DA:18,0
DA:20,0
DA:21,0
DA:23,0
DA:24,0
DA:26,0
DA:28,0
DA:45,0
DA:46,0
DA:52,0
DA:55,0
DA:59,2
DA:60,0
DA:61,0
DA:63,0
DA:64,0
DA:66,0
DA:67,0
DA:69,0
DA:71,0
DA:85,0
DA:87,0
DA:89,2
DA:90,0
DA:92,0
DA:94,0
DA:97,2
LF:40
LH:13
BRDA:18,0,0,0
BRDA:18,0,1,0
BRDA:21,1,0,0
BRDA:21,1,1,0
BRDA:24,2,0,0
BRDA:24,2,1,0
BRDA:26,3,0,0
BRDA:26,3,1,0
BRDA:61,4,0,0
BRDA:61,4,1,0
BRDA:64,5,0,0
BRDA:64,5,1,0
BRDA:67,6,0,0
BRDA:67,6,1,0
BRDA:69,7,0,0
BRDA:69,7,1,0
BRDA:85,8,0,0
BRDA:85,8,1,0
BRDA:92,9,0,0
BRDA:92,9,1,0
BRF:20
BRH:0
end_of_record
TN:
SF:C:\Users\HP\Desktop\NODE JS\rentalsapiproject\routes\users.js
FN:12,(anonymous_0)
FN:17,(anonymous_1)
FNF:2
FNH:0
FNDA:0,(anonymous_0)
FNDA:0,(anonymous_1)
DA:1,2
DA:2,2
DA:3,2
DA:4,2
DA:5,2
DA:6,2
DA:7,2
DA:8,2
DA:9,2
DA:12,2
DA:13,0
DA:14,0
DA:17,2
DA:18,0
DA:19,0
DA:21,0
DA:22,0
DA:30,0
DA:32,0
DA:33,0
DA:35,0
DA:39,0
DA:40,0
DA:43,2
LF:24
LH:12
BRDA:19,0,0,0
BRDA:19,0,1,0
BRDA:22,1,0,0
BRDA:22,1,1,0
BRF:4
BRH:0
end_of_record
TN:
SF:C:\Users\HP\Desktop\NODE JS\rentalsapiproject\startup\config.js
FN:3,(anonymous_0)
FNF:1
FNH:1
FNDA:2,(anonymous_0)
DA:1,2
DA:3,2
DA:4,2
DA:5,0
LF:4
LH:3
BRDA:4,0,0,0
BRDA:4,0,1,2
BRF:2
BRH:1
end_of_record
TN:
SF:C:\Users\HP\Desktop\NODE JS\rentalsapiproject\startup\db.js
FN:5,(anonymous_0)
FN:8,(anonymous_1)
FNF:2
FNH:2
FNDA:2,(anonymous_0)
FNDA:2,(anonymous_1)
DA:1,2
DA:2,2
DA:3,2
DA:5,2
DA:6,2
DA:7,2
DA:8,2
LF:7
LH:7
BRF:0
BRH:0
end_of_record
TN:
SF:C:\Users\HP\Desktop\NODE JS\rentalsapiproject\startup\logging.js
FN:5,(anonymous_0)
FN:14,(anonymous_1)
FNF:2
FNH:1
FNDA:2,(anonymous_0)
FNDA:0,(anonymous_1)
DA:1,2
DA:3,2
DA:5,2
DA:10,2
DA:14,2
DA:17,0
DA:20,2
LF:7
LH:6
BRF:0
BRH:0
end_of_record
TN:
SF:C:\Users\HP\Desktop\NODE JS\rentalsapiproject\startup\routes.js
FN:8,(anonymous_0)
FNF:1
FNH:1
FNDA:2,(anonymous_0)
DA:1,2
DA:2,2
DA:3,2
DA:4,2
DA:5,2
DA:6,2
DA:8,2
DA:9,2
DA:10,2
DA:11,2
DA:12,2
DA:13,2
DA:14,2
LF:13
LH:13
BRF:0
BRH:0
end_of_record
TN:
SF:C:\Users\HP\Desktop\NODE JS\rentalsapiproject\startup\validation.js
FN:2,(anonymous_0)
FNF:1
FNH:1
FNDA:2,(anonymous_0)
DA:1,2
DA:2,2
DA:3,2
LF:3
LH:3
BRF:0
BRH:0
end_of_record
